[0.000000] (-) TimerEvent: {}
[0.000151] (pers_msgs) JobQueued: {'identifier': 'pers_msgs', 'dependencies': OrderedDict()}
[0.000379] (fer_pkg) JobQueued: {'identifier': 'fer_pkg', 'dependencies': OrderedDict([('pers_msgs', '/home/giraff-azul2/tfg-villen/tfg_ws/install/pers_msgs')])}
[0.001098] (pers_msgs) JobStarted: {'identifier': 'pers_msgs'}
[0.014470] (pers_msgs) JobProgress: {'identifier': 'pers_msgs', 'progress': 'cmake'}
[0.015373] (pers_msgs) JobProgress: {'identifier': 'pers_msgs', 'progress': 'build'}
[0.016344] (pers_msgs) Command: {'cmd': ['/usr/bin/cmake', '--build', '/home/giraff-azul2/tfg-villen/tfg_ws/build/pers_msgs', '--', '-j8', '-l8'], 'cwd': '/home/giraff-azul2/tfg-villen/tfg_ws/build/pers_msgs', 'env': OrderedDict([('LESSOPEN', '| /usr/bin/lesspipe %s'), ('LANGUAGE', 'en_US'), ('USER', 'giraff-azul2'), ('XDG_SEAT', 'seat0'), ('XDG_SESSION_TYPE', 'x11'), ('SHLVL', '1'), ('LD_LIBRARY_PATH', '/opt/ros/humble/opt/rviz_ogre_vendor/lib:/opt/ros/humble/lib/x86_64-linux-gnu:/opt/ros/humble/lib'), ('HOME', '/home/giraff-azul2'), ('DESKTOP_SESSION', 'xubuntu'), ('PANEL_GDK_CORE_DEVICE_EVENTS', '0'), ('ROS_PYTHON_VERSION', '3'), ('XDG_SEAT_PATH', '/org/freedesktop/DisplayManager/Seat0'), ('DBUS_SESSION_BUS_ADDRESS', 'unix:path=/run/user/1000/bus'), ('COLORTERM', 'truecolor'), ('QT_QPA_PLATFORMTHEME', 'gtk2'), ('ROS_DISTRO', 'humble'), ('LOGNAME', 'giraff-azul2'), ('WINDOWID', '79691779'), ('_', '/usr/bin/colcon'), ('ROS_VERSION', '2'), ('XDG_SESSION_CLASS', 'user'), ('CLUTTER_BACKEND', 'x11'), ('TERM', 'xterm-256color'), ('GTK_OVERLAY_SCROLLING', '0'), ('XDG_SESSION_ID', 'c1'), ('ROS_LOCALHOST_ONLY', '0'), ('PATH', '/opt/ros/humble/bin:/usr/local/sbin:/usr/local/bin:/usr/sbin:/usr/bin:/sbin:/bin:/usr/games:/usr/local/games:/snap/bin'), ('SESSION_MANAGER', 'local/giraffazul2-desktop:@/tmp/.ICE-unix/949,unix/giraffazul2-desktop:/tmp/.ICE-unix/949'), ('GDM_LANG', 'en_US'), ('XDG_SESSION_PATH', '/org/freedesktop/DisplayManager/Session0'), ('XDG_MENU_PREFIX', 'xfce-'), ('XDG_RUNTIME_DIR', '/run/user/1000'), ('DISPLAY', ':0.0'), ('LANG', 'en_US.UTF-8'), ('XDG_CURRENT_DESKTOP', 'XFCE'), ('XDG_SESSION_DESKTOP', 'xubuntu'), ('XAUTHORITY', '/home/giraff-azul2/.Xauthority'), ('LS_COLORS', 'rs=0:di=01;34:ln=01;36:mh=00:pi=40;33:so=01;35:do=01;35:bd=40;33;01:cd=40;33;01:or=40;31;01:mi=00:su=37;41:sg=30;43:ca=30;41:tw=30;42:ow=34;42:st=37;44:ex=01;32:*.tar=01;31:*.tgz=01;31:*.arc=01;31:*.arj=01;31:*.taz=01;31:*.lha=01;31:*.lz4=01;31:*.lzh=01;31:*.lzma=01;31:*.tlz=01;31:*.txz=01;31:*.tzo=01;31:*.t7z=01;31:*.zip=01;31:*.z=01;31:*.dz=01;31:*.gz=01;31:*.lrz=01;31:*.lz=01;31:*.lzo=01;31:*.xz=01;31:*.zst=01;31:*.tzst=01;31:*.bz2=01;31:*.bz=01;31:*.tbz=01;31:*.tbz2=01;31:*.tz=01;31:*.deb=01;31:*.rpm=01;31:*.jar=01;31:*.war=01;31:*.ear=01;31:*.sar=01;31:*.rar=01;31:*.alz=01;31:*.ace=01;31:*.zoo=01;31:*.cpio=01;31:*.7z=01;31:*.rz=01;31:*.cab=01;31:*.wim=01;31:*.swm=01;31:*.dwm=01;31:*.esd=01;31:*.jpg=01;35:*.jpeg=01;35:*.mjpg=01;35:*.mjpeg=01;35:*.gif=01;35:*.bmp=01;35:*.pbm=01;35:*.pgm=01;35:*.ppm=01;35:*.tga=01;35:*.xbm=01;35:*.xpm=01;35:*.tif=01;35:*.tiff=01;35:*.png=01;35:*.svg=01;35:*.svgz=01;35:*.mng=01;35:*.pcx=01;35:*.mov=01;35:*.mpg=01;35:*.mpeg=01;35:*.m2v=01;35:*.mkv=01;35:*.webm=01;35:*.webp=01;35:*.ogm=01;35:*.mp4=01;35:*.m4v=01;35:*.mp4v=01;35:*.vob=01;35:*.qt=01;35:*.nuv=01;35:*.wmv=01;35:*.asf=01;35:*.rm=01;35:*.rmvb=01;35:*.flc=01;35:*.avi=01;35:*.fli=01;35:*.flv=01;35:*.gl=01;35:*.dl=01;35:*.xcf=01;35:*.xwd=01;35:*.yuv=01;35:*.cgm=01;35:*.emf=01;35:*.ogv=01;35:*.ogx=01;35:*.aac=00;36:*.au=00;36:*.flac=00;36:*.m4a=00;36:*.mid=00;36:*.midi=00;36:*.mka=00;36:*.mp3=00;36:*.mpc=00;36:*.ogg=00;36:*.ra=00;36:*.wav=00;36:*.oga=00;36:*.opus=00;36:*.spx=00;36:*.xspf=00;36:'), ('SSH_AUTH_SOCK', '/run/user/1000/keyring/ssh'), ('ROS_DOMAIN_ID', '1'), ('XDG_GREETER_DATA_DIR', '/var/lib/lightdm-data/giraff-azul2'), ('AMENT_PREFIX_PATH', '/opt/ros/humble'), ('SHELL', '/bin/bash'), ('QT_ACCESSIBILITY', '1'), ('GDMSESSION', 'xubuntu'), ('LESSCLOSE', '/usr/bin/lesspipe %s %s'), ('GPG_AGENT_INFO', '/run/user/1000/gnupg/S.gpg-agent:0:1'), ('XDG_VTNR', '7'), ('PWD', '/home/giraff-azul2/tfg-villen/tfg_ws/build/pers_msgs'), ('LC_ALL', 'en_US.UTF-8'), ('XDG_CONFIG_DIRS', '/etc/xdg/xdg-xubuntu:/etc/xdg:/etc/xdg'), ('XDG_DATA_DIRS', '/usr/share/xubuntu:/usr/share/xfce4:/usr/local/share:/usr/share:/var/lib/snapd/desktop:/usr/share'), ('PYTHONPATH', '/opt/ros/humble/lib/python3.10/site-packages:/opt/ros/humble/local/lib/python3.10/dist-packages:/home/giraff-azul2/tfg-villen/tfg_venv/lib/python3.10/site-packages'), ('COLCON', '1'), ('VTE_VERSION', '6800'), ('CMAKE_PREFIX_PATH', '/opt/ros/humble')]), 'shell': False}
[0.095426] (pers_msgs) StdoutLine: {'line': b'[  2%] Built target pers_msgs__cpp\n'}
[0.095819] (pers_msgs) StdoutLine: {'line': b'[ 12%] Built target pers_msgs__rosidl_generator_c\n'}
[0.099364] (-) TimerEvent: {}
[0.108400] (pers_msgs) StdoutLine: {'line': b'[ 12%] Built target ament_cmake_python_symlink_pers_msgs\n'}
[0.149284] (pers_msgs) StdoutLine: {'line': b'[ 25%] Built target pers_msgs__rosidl_typesupport_c\n'}
[0.149883] (pers_msgs) StdoutLine: {'line': b'[ 43%] Built target pers_msgs__rosidl_typesupport_fastrtps_cpp\n'}
[0.151324] (pers_msgs) StdoutLine: {'line': b'[ 53%] Built target pers_msgs__rosidl_typesupport_introspection_cpp\n'}
[0.151895] (pers_msgs) StdoutLine: {'line': b'[ 35%] Built target pers_msgs__rosidl_typesupport_cpp\n'}
[0.154281] (pers_msgs) StdoutLine: {'line': b'[ 64%] Built target pers_msgs__rosidl_typesupport_introspection_c\n'}
[0.160119] (pers_msgs) StdoutLine: {'line': b'[ 74%] Built target pers_msgs__rosidl_typesupport_fastrtps_c\n'}
[0.184627] (pers_msgs) StdoutLine: {'line': b'[ 74%] Built target pers_msgs\n'}
[0.199381] (-) TimerEvent: {}
[0.207694] (pers_msgs) StdoutLine: {'line': b'[ 76%] Built target pers_msgs__py\n'}
[0.236388] (pers_msgs) StdoutLine: {'line': b'[ 84%] Built target pers_msgs__rosidl_generator_py\n'}
[0.265540] (pers_msgs) StdoutLine: {'line': b'[ 89%] Built target pers_msgs__rosidl_typesupport_fastrtps_c__pyext\n'}
[0.269025] (pers_msgs) StdoutLine: {'line': b'[ 94%] Built target pers_msgs__rosidl_typesupport_introspection_c__pyext\n'}
[0.269309] (pers_msgs) StdoutLine: {'line': b'[100%] Built target pers_msgs__rosidl_typesupport_c__pyext\n'}
[0.299534] (-) TimerEvent: {}
[0.399902] (-) TimerEvent: {}
[0.483923] (pers_msgs) StdoutLine: {'line': b'running egg_info\n'}
[0.485426] (pers_msgs) StdoutLine: {'line': b'writing pers_msgs.egg-info/PKG-INFO\n'}
[0.485811] (pers_msgs) StdoutLine: {'line': b'writing dependency_links to pers_msgs.egg-info/dependency_links.txt\n'}
[0.486134] (pers_msgs) StdoutLine: {'line': b'writing top-level names to pers_msgs.egg-info/top_level.txt\n'}
[0.489366] (pers_msgs) StdoutLine: {'line': b"reading manifest file 'pers_msgs.egg-info/SOURCES.txt'\n"}
[0.490369] (pers_msgs) StdoutLine: {'line': b"writing manifest file 'pers_msgs.egg-info/SOURCES.txt'\n"}
[0.500000] (-) TimerEvent: {}
[0.527423] (pers_msgs) StdoutLine: {'line': b'[100%] Built target ament_cmake_python_build_pers_msgs_egg\n'}
[0.544155] (pers_msgs) CommandEnded: {'returncode': 0}
[0.583503] (pers_msgs) StderrLine: {'line': b'Traceback (most recent call last):\n  File "/usr/lib/python3/dist-packages/colcon_parallel_executor/executor/parallel.py", line 67, in execute\n    loop.run_until_complete(future)\n  File "/usr/lib/python3.10/asyncio/base_events.py", line 633, in run_until_complete\n    self.run_forever()\n  File "/usr/lib/python3.10/asyncio/base_events.py", line 600, in run_forever\n    self._run_once()\n  File "/usr/lib/python3.10/asyncio/base_events.py", line 1860, in _run_once\n    event_list = self._selector.select(timeout)\n  File "/usr/lib/python3.10/selectors.py", line 465, in select\n    max_ev = max(len(self._fd_to_key), 1)\nKeyboardInterrupt\n\nDuring handling of the above exception, another exception occurred:\n\nTraceback (most recent call last):\n  File "/usr/lib/python3/dist-packages/colcon_core/executor/__init__.py", line 91, in __call__\n    rc = await self.task(*args, **kwargs)\n  File "/usr/lib/python3/dist-packages/colcon_core/task/__init__.py", line 93, in __call__\n    return await task_method(*args, **kwargs)\n  File "/usr/lib/python3/dist-packages/colcon_ros/task/ament_cmake/build.py", line 59, in build\n    rc = await extension.build(\n  File "/usr/lib/python3/dist-packages/colcon_cmake/task/cmake/build.py", line 110, in build\n    if await has_target(args.build_base, \'install\'):\n  File "/usr/lib/python3/dist-packages/colcon_cmake/task/cmake/__init__.py", line 57, in has_target\n    return target in await get_makefile_targets(path)\n  File "/usr/lib/python3/dist-packages/colcon_cmake/task/cmake/__init__.py", line 77, in get_makefile_targets\n    output = await check_output([\n  File "/usr/lib/python3/dist-packages/colcon_core/subprocess.py", line 128, in check_output\n    assert not rc, f\'Expected {args} to pass: {stderr_data}\'\nAssertionError: Expected [\'/usr/bin/cmake\', \'--build\', \'/home/giraff-azul2/tfg-villen/tfg_ws/build/pers_msgs\', \'--target\', \'help\'] to pass: \n'}
[0.583809] (pers_msgs) JobEnded: {'identifier': 'pers_msgs', 'rc': 'SIGINT'}
[0.595197] (fer_pkg) JobSkipped: {'identifier': 'fer_pkg'}
[0.595441] (-) EventReactorShutdown: {}
