[  2%] Built target pers_msgs__cpp
[ 12%] Built target pers_msgs__rosidl_generator_c
[ 12%] Built target ament_cmake_python_symlink_pers_msgs
[ 23%] Built target pers_msgs__rosidl_typesupport_fastrtps_c
[ 33%] Built target pers_msgs__rosidl_typesupport_introspection_c
[ 43%] Built target pers_msgs__rosidl_typesupport_cpp
[ 53%] Built target pers_msgs__rosidl_typesupport_fastrtps_cpp
[ 64%] Built target pers_msgs__rosidl_typesupport_introspection_cpp
[ 74%] Built target pers_msgs__rosidl_typesupport_c
[ 74%] Built target pers_msgs
[ 76%] Built target pers_msgs__py
[ 84%] Built target pers_msgs__rosidl_generator_py
[ 89%] Built target pers_msgs__rosidl_typesupport_c__pyext
[ 94%] Built target pers_msgs__rosidl_typesupport_fastrtps_c__pyext
[100%] Built target pers_msgs__rosidl_typesupport_introspection_c__pyext
Traceback (most recent call last):
  File "/home/giraff-azul2/tfg-villen/tfg_venv/lib/python3.10/site-packages/pkg_resources/__init__.py", line 2031, in try_parse
    return packaging.version.Version(name)
  File "/home/giraff-azul2/tfg-villen/tfg_venv/lib/python3.10/site-packages/pkg_resources/_vendor/packaging/version.py", line 266, in __init__
    raise InvalidVersion(f"Invalid version: '{version}'")
pkg_resources.extern.packaging.version.InvalidVersion: Invalid version: 'villen/tfg_venv/lib/python3.10/site'

During handling of the above exception, another exception occurred:

Traceback (most recent call last):
  File "/home/giraff-azul2/tfg-villen/tfg_ws/build/pers_msgs/ament_cmake_python/pers_msgs/setup.py", line 1, in <module>
    from setuptools import find_packages
  File "/home/giraff-azul2/tfg-villen/tfg_venv/lib/python3.10/site-packages/setuptools/__init__.py", line 16, in <module>
    import setuptools.version
  File "/home/giraff-azul2/tfg-villen/tfg_venv/lib/python3.10/site-packages/setuptools/version.py", line 1, in <module>
    import pkg_resources
  File "/home/giraff-azul2/tfg-villen/tfg_venv/lib/python3.10/site-packages/pkg_resources/__init__.py", line 3267, in <module>
    def _initialize_master_working_set():
  File "/home/giraff-azul2/tfg-villen/tfg_venv/lib/python3.10/site-packages/pkg_resources/__init__.py", line 3241, in _call_aside
    f(*args, **kwargs)
  File "/home/giraff-azul2/tfg-villen/tfg_venv/lib/python3.10/site-packages/pkg_resources/__init__.py", line 3302, in _initialize_master_working_set
    list(map(working_set.add_entry, sys.path))
  File "/home/giraff-azul2/tfg-villen/tfg_venv/lib/python3.10/site-packages/pkg_resources/__init__.py", line 613, in add_entry
    for dist in find_distributions(entry, True):
  File "/home/giraff-azul2/tfg-villen/tfg_venv/lib/python3.10/site-packages/pkg_resources/__init__.py", line 2073, in find_on_path
    path_item_entries = _by_version_descending(filtered)
  File "/home/giraff-azul2/tfg-villen/tfg_venv/lib/python3.10/site-packages/pkg_resources/__init__.py", line 2043, in _by_version_descending
    return sorted(names, key=_by_version, reverse=True)
  File "/home/giraff-azul2/tfg-villen/tfg_venv/lib/python3.10/site-packages/pkg_resources/__init__.py", line 2041, in _by_version
    return [try_parse(part) for part in parts]
  File "/home/giraff-azul2/tfg-villen/tfg_venv/lib/python3.10/site-packages/pkg_resources/__init__.py", line 2041, in <listcomp>
    return [try_parse(part) for part in parts]
  File "/home/giraff-azul2/tfg-villen/tfg_venv/lib/python3.10/site-packages/pkg_resources/__init__.py", line 2033, in try_parse
    return packaging.version.Version('0')
  File "/home/giraff-azul2/tfg-villen/tfg_venv/lib/python3.10/site-packages/pkg_resources/_vendor/packaging/version.py", line 272, in __init__
    pre=_parse_letter_version(match.group("pre_l"), match.group("pre_n")),
  File "/home/giraff-azul2/tfg-villen/tfg_venv/lib/python3.10/site-packages/pkg_resources/_vendor/packaging/version.py", line 393, in _parse_letter_version
    def _parse_letter_version(
KeyboardInterrupt
gmake[2]: *** [CMakeFiles/ament_cmake_python_build_pers_msgs_egg.dir/build.make:70: CMakeFiles/ament_cmake_python_build_pers_msgs_egg] Interrupt
gmake[1]: *** [CMakeFiles/Makefile2:447: CMakeFiles/ament_cmake_python_build_pers_msgs_egg.dir/all] Interrupt
gmake: *** [Makefile:146: all] Interrupt
