[0.029s] Invoking command in '/home/giraff-azul2/tfg-villen/tfg_ws/build/pers_msgs': CMAKE_PREFIX_PATH=${CMAKE_PREFIX_PATH}:/home/giraff-azul2/mapir_ws/install/task_manager:/home/giraff-azul2/mapir_ws/install/battery_manager:/opt/ros/humble /usr/bin/cmake --build /home/giraff-azul2/tfg-villen/tfg_ws/build/pers_msgs -- -j8 -l8
[0.125s] [  2%] Built target pers_msgs__cpp
[0.134s] [ 12%] Built target pers_msgs__rosidl_generator_c
[0.164s] [ 12%] Built target ament_cmake_python_symlink_pers_msgs
[0.200s] [ 23%] Built target pers_msgs__rosidl_typesupport_fastrtps_c
[0.203s] [ 33%] Built target pers_msgs__rosidl_typesupport_introspection_c
[0.203s] [ 43%] Built target pers_msgs__rosidl_typesupport_cpp
[0.205s] [ 53%] Built target pers_msgs__rosidl_typesupport_fastrtps_cpp
[0.206s] [ 64%] Built target pers_msgs__rosidl_typesupport_introspection_cpp
[0.207s] [ 74%] Built target pers_msgs__rosidl_typesupport_c
[0.242s] [ 74%] Built target pers_msgs
[0.275s] [ 76%] Built target pers_msgs__py
[0.306s] [ 84%] Built target pers_msgs__rosidl_generator_py
[0.350s] [ 89%] Built target pers_msgs__rosidl_typesupport_c__pyext
[0.351s] [ 94%] Built target pers_msgs__rosidl_typesupport_fastrtps_c__pyext
[0.357s] [100%] Built target pers_msgs__rosidl_typesupport_introspection_c__pyext
[0.506s] Traceback (most recent call last):
[0.507s]   File "/home/giraff-azul2/tfg-villen/tfg_venv/lib/python3.10/site-packages/pkg_resources/__init__.py", line 2031, in try_parse
[0.507s]     return packaging.version.Version(name)
[0.507s]   File "/home/giraff-azul2/tfg-villen/tfg_venv/lib/python3.10/site-packages/pkg_resources/_vendor/packaging/version.py", line 266, in __init__
[0.508s]     raise InvalidVersion(f"Invalid version: '{version}'")
[0.508s] pkg_resources.extern.packaging.version.InvalidVersion: Invalid version: 'villen/tfg_venv/lib/python3.10/site'
[0.508s] 
[0.508s] During handling of the above exception, another exception occurred:
[0.508s] 
[0.509s] Traceback (most recent call last):
[0.509s]   File "/home/giraff-azul2/tfg-villen/tfg_ws/build/pers_msgs/ament_cmake_python/pers_msgs/setup.py", line 1, in <module>
[0.509s]     from setuptools import find_packages
[0.509s]   File "/home/giraff-azul2/tfg-villen/tfg_venv/lib/python3.10/site-packages/setuptools/__init__.py", line 16, in <module>
[0.510s]     import setuptools.version
[0.510s]   File "/home/giraff-azul2/tfg-villen/tfg_venv/lib/python3.10/site-packages/setuptools/version.py", line 1, in <module>
[0.510s]     import pkg_resources
[0.510s]   File "/home/giraff-azul2/tfg-villen/tfg_venv/lib/python3.10/site-packages/pkg_resources/__init__.py", line 3267, in <module>
[0.510s]     def _initialize_master_working_set():
[0.510s]   File "/home/giraff-azul2/tfg-villen/tfg_venv/lib/python3.10/site-packages/pkg_resources/__init__.py", line 3241, in _call_aside
[0.511s]     f(*args, **kwargs)
[0.511s]   File "/home/giraff-azul2/tfg-villen/tfg_venv/lib/python3.10/site-packages/pkg_resources/__init__.py", line 3302, in _initialize_master_working_set
[0.511s]     list(map(working_set.add_entry, sys.path))
[0.511s]   File "/home/giraff-azul2/tfg-villen/tfg_venv/lib/python3.10/site-packages/pkg_resources/__init__.py", line 613, in add_entry
[0.512s]     for dist in find_distributions(entry, True):
[0.512s]   File "/home/giraff-azul2/tfg-villen/tfg_venv/lib/python3.10/site-packages/pkg_resources/__init__.py", line 2073, in find_on_path
[0.512s]     path_item_entries = _by_version_descending(filtered)
[0.512s]   File "/home/giraff-azul2/tfg-villen/tfg_venv/lib/python3.10/site-packages/pkg_resources/__init__.py", line 2043, in _by_version_descending
[0.512s]     return sorted(names, key=_by_version, reverse=True)
[0.513s]   File "/home/giraff-azul2/tfg-villen/tfg_venv/lib/python3.10/site-packages/pkg_resources/__init__.py", line 2041, in _by_version
[0.513s]     return [try_parse(part) for part in parts]
[0.513s]   File "/home/giraff-azul2/tfg-villen/tfg_venv/lib/python3.10/site-packages/pkg_resources/__init__.py", line 2041, in <listcomp>
[0.513s]     return [try_parse(part) for part in parts]
[0.513s]   File "/home/giraff-azul2/tfg-villen/tfg_venv/lib/python3.10/site-packages/pkg_resources/__init__.py", line 2033, in try_parse
[0.514s]     return packaging.version.Version('0')
[0.514s]   File "/home/giraff-azul2/tfg-villen/tfg_venv/lib/python3.10/site-packages/pkg_resources/_vendor/packaging/version.py", line 272, in __init__
[0.514s]     pre=_parse_letter_version(match.group("pre_l"), match.group("pre_n")),
[0.514s]   File "/home/giraff-azul2/tfg-villen/tfg_venv/lib/python3.10/site-packages/pkg_resources/_vendor/packaging/version.py", line 393, in _parse_letter_version
[0.514s]     def _parse_letter_version(
[0.515s] KeyboardInterrupt
[0.554s] gmake[2]: *** [CMakeFiles/ament_cmake_python_build_pers_msgs_egg.dir/build.make:70: CMakeFiles/ament_cmake_python_build_pers_msgs_egg] Interrupt
[0.555s] gmake[1]: *** [CMakeFiles/Makefile2:447: CMakeFiles/ament_cmake_python_build_pers_msgs_egg.dir/all] Interrupt
[0.555s] gmake: *** [Makefile:146: all] Interrupt
[0.559s] Invoked command in '/home/giraff-azul2/tfg-villen/tfg_ws/build/pers_msgs' returned '-2': CMAKE_PREFIX_PATH=${CMAKE_PREFIX_PATH}:/home/giraff-azul2/mapir_ws/install/task_manager:/home/giraff-azul2/mapir_ws/install/battery_manager:/opt/ros/humble /usr/bin/cmake --build /home/giraff-azul2/tfg-villen/tfg_ws/build/pers_msgs -- -j8 -l8
