[0.017s] Invoking command in '/home/giraff-azul2/tfg-villen/tfg_ws/build/pers_msgs': CMAKE_PREFIX_PATH=/opt/ros/humble /usr/bin/cmake --build /home/giraff-azul2/tfg-villen/tfg_ws/build/pers_msgs -- -j8 -l8
[0.094s] [  2%] Built target pers_msgs__cpp
[0.095s] [ 12%] Built target pers_msgs__rosidl_generator_c
[0.107s] [ 12%] Built target ament_cmake_python_symlink_pers_msgs
[0.148s] [ 25%] Built target pers_msgs__rosidl_typesupport_c
[0.149s] [ 43%] Built target pers_msgs__rosidl_typesupport_fastrtps_cpp
[0.150s] [ 53%] Built target pers_msgs__rosidl_typesupport_introspection_cpp
[0.151s] [ 35%] Built target pers_msgs__rosidl_typesupport_cpp
[0.154s] [ 64%] Built target pers_msgs__rosidl_typesupport_introspection_c
[0.159s] [ 74%] Built target pers_msgs__rosidl_typesupport_fastrtps_c
[0.184s] [ 74%] Built target pers_msgs
[0.207s] [ 76%] Built target pers_msgs__py
[0.235s] [ 84%] Built target pers_msgs__rosidl_generator_py
[0.265s] [ 89%] Built target pers_msgs__rosidl_typesupport_fastrtps_c__pyext
[0.268s] [ 94%] Built target pers_msgs__rosidl_typesupport_introspection_c__pyext
[0.268s] [100%] Built target pers_msgs__rosidl_typesupport_c__pyext
[0.483s] running egg_info
[0.484s] writing pers_msgs.egg-info/PKG-INFO
[0.485s] writing dependency_links to pers_msgs.egg-info/dependency_links.txt
[0.485s] writing top-level names to pers_msgs.egg-info/top_level.txt
[0.488s] reading manifest file 'pers_msgs.egg-info/SOURCES.txt'
[0.489s] writing manifest file 'pers_msgs.egg-info/SOURCES.txt'
[0.527s] [100%] Built target ament_cmake_python_build_pers_msgs_egg
[0.543s] Invoked command in '/home/giraff-azul2/tfg-villen/tfg_ws/build/pers_msgs' returned '0': CMAKE_PREFIX_PATH=/opt/ros/humble /usr/bin/cmake --build /home/giraff-azul2/tfg-villen/tfg_ws/build/pers_msgs -- -j8 -l8
[0.583s] Traceback (most recent call last):
  File "/usr/lib/python3/dist-packages/colcon_parallel_executor/executor/parallel.py", line 67, in execute
    loop.run_until_complete(future)
  File "/usr/lib/python3.10/asyncio/base_events.py", line 633, in run_until_complete
    self.run_forever()
  File "/usr/lib/python3.10/asyncio/base_events.py", line 600, in run_forever
    self._run_once()
  File "/usr/lib/python3.10/asyncio/base_events.py", line 1860, in _run_once
    event_list = self._selector.select(timeout)
  File "/usr/lib/python3.10/selectors.py", line 465, in select
    max_ev = max(len(self._fd_to_key), 1)
KeyboardInterrupt

During handling of the above exception, another exception occurred:

Traceback (most recent call last):
  File "/usr/lib/python3/dist-packages/colcon_core/executor/__init__.py", line 91, in __call__
    rc = await self.task(*args, **kwargs)
  File "/usr/lib/python3/dist-packages/colcon_core/task/__init__.py", line 93, in __call__
    return await task_method(*args, **kwargs)
  File "/usr/lib/python3/dist-packages/colcon_ros/task/ament_cmake/build.py", line 59, in build
    rc = await extension.build(
  File "/usr/lib/python3/dist-packages/colcon_cmake/task/cmake/build.py", line 110, in build
    if await has_target(args.build_base, 'install'):
  File "/usr/lib/python3/dist-packages/colcon_cmake/task/cmake/__init__.py", line 57, in has_target
    return target in await get_makefile_targets(path)
  File "/usr/lib/python3/dist-packages/colcon_cmake/task/cmake/__init__.py", line 77, in get_makefile_targets
    output = await check_output([
  File "/usr/lib/python3/dist-packages/colcon_core/subprocess.py", line 128, in check_output
    assert not rc, f'Expected {args} to pass: {stderr_data}'
AssertionError: Expected ['/usr/bin/cmake', '--build', '/home/giraff-azul2/tfg-villen/tfg_ws/build/pers_msgs', '--target', 'help'] to pass: 
