[0.000000] (-) TimerEvent: {}
[0.000359] (pers_msgs) JobQueued: {'identifier': 'pers_msgs', 'dependencies': OrderedDict()}
[0.001362] (fer_pkg) JobQueued: {'identifier': 'fer_pkg', 'dependencies': OrderedDict([('pers_msgs', '/home/giraff-azul2/tfg-villen/tfg_ws/install/pers_msgs')])}
[0.001423] (pers_msgs) JobStarted: {'identifier': 'pers_msgs'}
[0.023391] (pers_msgs) JobProgress: {'identifier': 'pers_msgs', 'progress': 'cmake'}
[0.025037] (pers_msgs) JobProgress: {'identifier': 'pers_msgs', 'progress': 'build'}
[0.027045] (pers_msgs) Command: {'cmd': ['/usr/bin/cmake', '--build', '/home/giraff-azul2/tfg-villen/tfg_ws/build/pers_msgs', '--', '-j8', '-l8'], 'cwd': '/home/giraff-azul2/tfg-villen/tfg_ws/build/pers_msgs', 'env': OrderedDict([('LESSOPEN', '| /usr/bin/lesspipe %s'), ('LANGUAGE', 'en_US'), ('USER', 'giraff-azul2'), ('XDG_SEAT', 'seat0'), ('XDG_SESSION_TYPE', 'x11'), ('SHLVL', '1'), ('LD_LIBRARY_PATH', '/home/giraff-azul2/mapir_ws/install/urg_node/lib:/home/giraff-azul2/mapir_ws/install/urg_node_msgs/lib:/home/giraff-azul2/mapir_ws/install/urg_c/lib:/home/giraff-azul2/mapir_ws/install/task_manager_interfaces/lib:/home/giraff-azul2/mapir_ws/install/sicktoolbox/lib:/home/giraff-azul2/mapir_ws/install/patrol/lib:/home/giraff-azul2/mapir_ws/install/giraff_interfaces/lib:/home/giraff-azul2/mapir_ws/install/braccio/lib:/opt/ros/humble/opt/rviz_ogre_vendor/lib:/opt/ros/humble/lib/x86_64-linux-gnu:/opt/ros/humble/lib'), ('HOME', '/home/giraff-azul2'), ('OLDPWD', '/home/giraff-azul2/tfg-villen/tfg_ws/src'), ('DESKTOP_SESSION', 'xubuntu'), ('PANEL_GDK_CORE_DEVICE_EVENTS', '0'), ('ROS_PYTHON_VERSION', '3'), ('XDG_SEAT_PATH', '/org/freedesktop/DisplayManager/Seat0'), ('DBUS_SESSION_BUS_ADDRESS', 'unix:path=/run/user/1000/bus'), ('COLORTERM', 'truecolor'), ('QT_QPA_PLATFORMTHEME', 'gtk2'), ('COLCON_PREFIX_PATH', '/home/giraff-azul2/mapir_ws/install'), ('ROS_DISTRO', 'humble'), ('LOGNAME', 'giraff-azul2'), ('WINDOWID', '79691779'), ('_', '/usr/bin/colcon'), ('ROS_VERSION', '2'), ('XDG_SESSION_CLASS', 'user'), ('CLUTTER_BACKEND', 'x11'), ('TERM', 'xterm-256color'), ('GTK_OVERLAY_SCROLLING', '0'), ('XDG_SESSION_ID', 'c1'), ('ROS_LOCALHOST_ONLY', '0'), ('PATH', '/home/giraff-azul2/mapir_ws/install/urg_c/bin:/opt/ros/humble/bin:/usr/local/sbin:/usr/local/bin:/usr/sbin:/usr/bin:/sbin:/bin:/usr/games:/usr/local/games:/snap/bin'), ('SESSION_MANAGER', 'local/giraffazul2-desktop:@/tmp/.ICE-unix/908,unix/giraffazul2-desktop:/tmp/.ICE-unix/908'), ('GDM_LANG', 'en_US'), ('XDG_SESSION_PATH', '/org/freedesktop/DisplayManager/Session0'), ('XDG_MENU_PREFIX', 'xfce-'), ('XDG_RUNTIME_DIR', '/run/user/1000'), ('DISPLAY', ':0.0'), ('LANG', 'en_US.UTF-8'), ('XDG_CURRENT_DESKTOP', 'XFCE'), ('XDG_SESSION_DESKTOP', 'xubuntu'), ('XAUTHORITY', '/home/giraff-azul2/.Xauthority'), ('LS_COLORS', 'rs=0:di=01;34:ln=01;36:mh=00:pi=40;33:so=01;35:do=01;35:bd=40;33;01:cd=40;33;01:or=40;31;01:mi=00:su=37;41:sg=30;43:ca=30;41:tw=30;42:ow=34;42:st=37;44:ex=01;32:*.tar=01;31:*.tgz=01;31:*.arc=01;31:*.arj=01;31:*.taz=01;31:*.lha=01;31:*.lz4=01;31:*.lzh=01;31:*.lzma=01;31:*.tlz=01;31:*.txz=01;31:*.tzo=01;31:*.t7z=01;31:*.zip=01;31:*.z=01;31:*.dz=01;31:*.gz=01;31:*.lrz=01;31:*.lz=01;31:*.lzo=01;31:*.xz=01;31:*.zst=01;31:*.tzst=01;31:*.bz2=01;31:*.bz=01;31:*.tbz=01;31:*.tbz2=01;31:*.tz=01;31:*.deb=01;31:*.rpm=01;31:*.jar=01;31:*.war=01;31:*.ear=01;31:*.sar=01;31:*.rar=01;31:*.alz=01;31:*.ace=01;31:*.zoo=01;31:*.cpio=01;31:*.7z=01;31:*.rz=01;31:*.cab=01;31:*.wim=01;31:*.swm=01;31:*.dwm=01;31:*.esd=01;31:*.jpg=01;35:*.jpeg=01;35:*.mjpg=01;35:*.mjpeg=01;35:*.gif=01;35:*.bmp=01;35:*.pbm=01;35:*.pgm=01;35:*.ppm=01;35:*.tga=01;35:*.xbm=01;35:*.xpm=01;35:*.tif=01;35:*.tiff=01;35:*.png=01;35:*.svg=01;35:*.svgz=01;35:*.mng=01;35:*.pcx=01;35:*.mov=01;35:*.mpg=01;35:*.mpeg=01;35:*.m2v=01;35:*.mkv=01;35:*.webm=01;35:*.webp=01;35:*.ogm=01;35:*.mp4=01;35:*.m4v=01;35:*.mp4v=01;35:*.vob=01;35:*.qt=01;35:*.nuv=01;35:*.wmv=01;35:*.asf=01;35:*.rm=01;35:*.rmvb=01;35:*.flc=01;35:*.avi=01;35:*.fli=01;35:*.flv=01;35:*.gl=01;35:*.dl=01;35:*.xcf=01;35:*.xwd=01;35:*.yuv=01;35:*.cgm=01;35:*.emf=01;35:*.ogv=01;35:*.ogx=01;35:*.aac=00;36:*.au=00;36:*.flac=00;36:*.m4a=00;36:*.mid=00;36:*.midi=00;36:*.mka=00;36:*.mp3=00;36:*.mpc=00;36:*.ogg=00;36:*.ra=00;36:*.wav=00;36:*.oga=00;36:*.opus=00;36:*.spx=00;36:*.xspf=00;36:'), ('SSH_AUTH_SOCK', '/run/user/1000/keyring/ssh'), ('ROS_DOMAIN_ID', '1'), ('XDG_GREETER_DATA_DIR', '/var/lib/lightdm-data/giraff-azul2'), ('AMENT_PREFIX_PATH', '/home/giraff-azul2/mapir_ws/install/web_hri:/home/giraff-azul2/mapir_ws/install/urg_node:/home/giraff-azul2/mapir_ws/install/urg_node_msgs:/home/giraff-azul2/mapir_ws/install/urg_c:/home/giraff-azul2/mapir_ws/install/task_manager:/home/giraff-azul2/mapir_ws/install/battery_manager:/home/giraff-azul2/mapir_ws/install/task_manager_interfaces:/home/giraff-azul2/mapir_ws/install/sicktoolbox_wrapper:/home/giraff-azul2/mapir_ws/install/sicktoolbox:/home/giraff-azul2/mapir_ws/install/robot_status_publisher:/home/giraff-azul2/mapir_ws/install/patrol:/home/giraff-azul2/mapir_ws/install/mqtt_bridge:/home/giraff-azul2/mapir_ws/install/missions_pkg:/home/giraff-azul2/mapir_ws/install/keyboard_control:/home/giraff-azul2/mapir_ws/install/giraff_ros2_driver:/home/giraff-azul2/mapir_ws/install/giraff_interfaces:/home/giraff-azul2/mapir_ws/install/braccio:/opt/ros/humble'), ('SHELL', '/bin/bash'), ('QT_ACCESSIBILITY', '1'), ('GDMSESSION', 'xubuntu'), ('LESSCLOSE', '/usr/bin/lesspipe %s %s'), ('GPG_AGENT_INFO', '/run/user/1000/gnupg/S.gpg-agent:0:1'), ('XDG_VTNR', '7'), ('PWD', '/home/giraff-azul2/tfg-villen/tfg_ws/build/pers_msgs'), ('LC_ALL', 'en_US.UTF-8'), ('XDG_CONFIG_DIRS', '/etc/xdg/xdg-xubuntu:/etc/xdg:/etc/xdg'), ('XDG_DATA_DIRS', '/usr/share/xubuntu:/usr/share/xfce4:/usr/local/share:/usr/share:/var/lib/snapd/desktop:/usr/share'), ('PYTHONPATH', '/home/giraff-azul2/mapir_ws/install/urg_node_msgs/local/lib/python3.10/dist-packages:/home/giraff-azul2/mapir_ws/build/task_manager:/home/giraff-azul2/mapir_ws/install/task_manager/lib/python3.10/site-packages:/home/giraff-azul2/mapir_ws/build/battery_manager:/home/giraff-azul2/mapir_ws/install/battery_manager/lib/python3.10/site-packages:/home/giraff-azul2/mapir_ws/install/task_manager_interfaces/local/lib/python3.10/dist-packages:/home/giraff-azul2/mapir_ws/install/patrol/local/lib/python3.10/dist-packages:/home/giraff-azul2/mapir_ws/install/giraff_interfaces/local/lib/python3.10/dist-packages:/home/giraff-azul2/mapir_ws/install/braccio/local/lib/python3.10/dist-packages:/opt/ros/humble/lib/python3.10/site-packages:/opt/ros/humble/local/lib/python3.10/dist-packages:/home/giraff-azul2/tfg-villen/tfg_venv/lib/python3.10/site-packages'), ('COLCON', '1'), ('VTE_VERSION', '6800'), ('CMAKE_PREFIX_PATH', '/home/giraff-azul2/mapir_ws/install/web_hri:/home/giraff-azul2/mapir_ws/install/urg_node:/home/giraff-azul2/mapir_ws/install/urg_node_msgs:/home/giraff-azul2/mapir_ws/install/urg_c:/home/giraff-azul2/mapir_ws/install/task_manager_interfaces:/home/giraff-azul2/mapir_ws/install/sicktoolbox_wrapper:/home/giraff-azul2/mapir_ws/install/sicktoolbox:/home/giraff-azul2/mapir_ws/install/robot_status_publisher:/home/giraff-azul2/mapir_ws/install/patrol:/home/giraff-azul2/mapir_ws/install/mqtt_bridge:/home/giraff-azul2/mapir_ws/install/missions_pkg:/home/giraff-azul2/mapir_ws/install/keyboard_control:/home/giraff-azul2/mapir_ws/install/giraff_ros2_driver:/home/giraff-azul2/mapir_ws/install/giraff_interfaces:/home/giraff-azul2/mapir_ws/install/braccio:/home/giraff-azul2/mapir_ws/install/task_manager:/home/giraff-azul2/mapir_ws/install/battery_manager:/opt/ros/humble')]), 'shell': False}
[0.099222] (-) TimerEvent: {}
[0.124344] (pers_msgs) StdoutLine: {'line': b'[  2%] Built target pers_msgs__cpp\n'}
[0.134208] (pers_msgs) StdoutLine: {'line': b'[ 12%] Built target pers_msgs__rosidl_generator_c\n'}
[0.164134] (pers_msgs) StdoutLine: {'line': b'[ 12%] Built target ament_cmake_python_symlink_pers_msgs\n'}
[0.198169] (pers_msgs) StdoutLine: {'line': b'[ 23%] Built target pers_msgs__rosidl_typesupport_fastrtps_c\n'}
[0.201331] (-) TimerEvent: {}
[0.203689] (pers_msgs) StdoutLine: {'line': b'[ 33%] Built target pers_msgs__rosidl_typesupport_introspection_c\n'}
[0.204347] (pers_msgs) StdoutLine: {'line': b'[ 43%] Built target pers_msgs__rosidl_typesupport_cpp\n'}
[0.205773] (pers_msgs) StdoutLine: {'line': b'[ 53%] Built target pers_msgs__rosidl_typesupport_fastrtps_cpp\n'}
[0.207655] (pers_msgs) StdoutLine: {'line': b'[ 64%] Built target pers_msgs__rosidl_typesupport_introspection_cpp\n'}
[0.207934] (pers_msgs) StdoutLine: {'line': b'[ 74%] Built target pers_msgs__rosidl_typesupport_c\n'}
[0.243319] (pers_msgs) StdoutLine: {'line': b'[ 74%] Built target pers_msgs\n'}
[0.276178] (pers_msgs) StdoutLine: {'line': b'[ 76%] Built target pers_msgs__py\n'}
[0.301439] (-) TimerEvent: {}
[0.307519] (pers_msgs) StdoutLine: {'line': b'[ 84%] Built target pers_msgs__rosidl_generator_py\n'}
[0.351262] (pers_msgs) StdoutLine: {'line': b'[ 89%] Built target pers_msgs__rosidl_typesupport_c__pyext\n'}
[0.352057] (pers_msgs) StdoutLine: {'line': b'[ 94%] Built target pers_msgs__rosidl_typesupport_fastrtps_c__pyext\n'}
[0.358529] (pers_msgs) StdoutLine: {'line': b'[100%] Built target pers_msgs__rosidl_typesupport_introspection_c__pyext\n'}
[0.401561] (-) TimerEvent: {}
[0.502003] (-) TimerEvent: {}
[0.507333] (pers_msgs) StderrLine: {'line': b'Traceback (most recent call last):\n'}
[0.507925] (pers_msgs) StderrLine: {'line': b'  File "/home/giraff-azul2/tfg-villen/tfg_venv/lib/python3.10/site-packages/pkg_resources/__init__.py", line 2031, in try_parse\n'}
[0.508303] (pers_msgs) StderrLine: {'line': b'    return packaging.version.Version(name)\n'}
[0.508524] (pers_msgs) StderrLine: {'line': b'  File "/home/giraff-azul2/tfg-villen/tfg_venv/lib/python3.10/site-packages/pkg_resources/_vendor/packaging/version.py", line 266, in __init__\n'}
[0.509011] (pers_msgs) StderrLine: {'line': b'    raise InvalidVersion(f"Invalid version: \'{version}\'")\n'}
[0.509256] (pers_msgs) StderrLine: {'line': b"pkg_resources.extern.packaging.version.InvalidVersion: Invalid version: 'villen/tfg_venv/lib/python3.10/site'\n"}
[0.509430] (pers_msgs) StderrLine: {'line': b'\n'}
[0.509653] (pers_msgs) StderrLine: {'line': b'During handling of the above exception, another exception occurred:\n'}
[0.509822] (pers_msgs) StderrLine: {'line': b'\n'}
[0.509987] (pers_msgs) StderrLine: {'line': b'Traceback (most recent call last):\n'}
[0.510310] (pers_msgs) StderrLine: {'line': b'  File "/home/giraff-azul2/tfg-villen/tfg_ws/build/pers_msgs/ament_cmake_python/pers_msgs/setup.py", line 1, in <module>\n'}
[0.510478] (pers_msgs) StderrLine: {'line': b'    from setuptools import find_packages\n'}
[0.510642] (pers_msgs) StderrLine: {'line': b'  File "/home/giraff-azul2/tfg-villen/tfg_venv/lib/python3.10/site-packages/setuptools/__init__.py", line 16, in <module>\n'}
[0.510855] (pers_msgs) StderrLine: {'line': b'    import setuptools.version\n'}
[0.511020] (pers_msgs) StderrLine: {'line': b'  File "/home/giraff-azul2/tfg-villen/tfg_venv/lib/python3.10/site-packages/setuptools/version.py", line 1, in <module>\n'}
[0.511186] (pers_msgs) StderrLine: {'line': b'    import pkg_resources\n'}
[0.511428] (pers_msgs) StderrLine: {'line': b'  File "/home/giraff-azul2/tfg-villen/tfg_venv/lib/python3.10/site-packages/pkg_resources/__init__.py", line 3267, in <module>\n'}
[0.511594] (pers_msgs) StderrLine: {'line': b'    def _initialize_master_working_set():\n'}
[0.511760] (pers_msgs) StderrLine: {'line': b'  File "/home/giraff-azul2/tfg-villen/tfg_venv/lib/python3.10/site-packages/pkg_resources/__init__.py", line 3241, in _call_aside\n'}
[0.511996] (pers_msgs) StderrLine: {'line': b'    f(*args, **kwargs)\n'}
[0.512246] (pers_msgs) StderrLine: {'line': b'  File "/home/giraff-azul2/tfg-villen/tfg_venv/lib/python3.10/site-packages/pkg_resources/__init__.py", line 3302, in _initialize_master_working_set\n'}
[0.512462] (pers_msgs) StderrLine: {'line': b'    list(map(working_set.add_entry, sys.path))\n'}
[0.512645] (pers_msgs) StderrLine: {'line': b'  File "/home/giraff-azul2/tfg-villen/tfg_venv/lib/python3.10/site-packages/pkg_resources/__init__.py", line 613, in add_entry\n'}
[0.512821] (pers_msgs) StderrLine: {'line': b'    for dist in find_distributions(entry, True):\n'}
[0.513061] (pers_msgs) StderrLine: {'line': b'  File "/home/giraff-azul2/tfg-villen/tfg_venv/lib/python3.10/site-packages/pkg_resources/__init__.py", line 2073, in find_on_path\n'}
[0.513238] (pers_msgs) StderrLine: {'line': b'    path_item_entries = _by_version_descending(filtered)\n'}
[0.513406] (pers_msgs) StderrLine: {'line': b'  File "/home/giraff-azul2/tfg-villen/tfg_venv/lib/python3.10/site-packages/pkg_resources/__init__.py", line 2043, in _by_version_descending\n'}
[0.513725] (pers_msgs) StderrLine: {'line': b'    return sorted(names, key=_by_version, reverse=True)\n'}
[0.513901] (pers_msgs) StderrLine: {'line': b'  File "/home/giraff-azul2/tfg-villen/tfg_venv/lib/python3.10/site-packages/pkg_resources/__init__.py", line 2041, in _by_version\n'}
[0.514077] (pers_msgs) StderrLine: {'line': b'    return [try_parse(part) for part in parts]\n'}
[0.514348] (pers_msgs) StderrLine: {'line': b'  File "/home/giraff-azul2/tfg-villen/tfg_venv/lib/python3.10/site-packages/pkg_resources/__init__.py", line 2041, in <listcomp>\n'}
[0.514569] (pers_msgs) StderrLine: {'line': b'    return [try_parse(part) for part in parts]\n'}
[0.514745] (pers_msgs) StderrLine: {'line': b'  File "/home/giraff-azul2/tfg-villen/tfg_venv/lib/python3.10/site-packages/pkg_resources/__init__.py", line 2033, in try_parse\n'}
[0.514942] (pers_msgs) StderrLine: {'line': b"    return packaging.version.Version('0')\n"}
[0.515115] (pers_msgs) StderrLine: {'line': b'  File "/home/giraff-azul2/tfg-villen/tfg_venv/lib/python3.10/site-packages/pkg_resources/_vendor/packaging/version.py", line 272, in __init__\n'}
[0.515413] (pers_msgs) StderrLine: {'line': b'    pre=_parse_letter_version(match.group("pre_l"), match.group("pre_n")),\n'}
[0.515595] (pers_msgs) StderrLine: {'line': b'  File "/home/giraff-azul2/tfg-villen/tfg_venv/lib/python3.10/site-packages/pkg_resources/_vendor/packaging/version.py", line 393, in _parse_letter_version\n'}
[0.515768] (pers_msgs) StderrLine: {'line': b'    def _parse_letter_version(\n'}
[0.515933] (pers_msgs) StderrLine: {'line': b'KeyboardInterrupt\n'}
[0.554918] (pers_msgs) StderrLine: {'line': b'gmake[2]: *** [CMakeFiles/ament_cmake_python_build_pers_msgs_egg.dir/build.make:70: CMakeFiles/ament_cmake_python_build_pers_msgs_egg] Interrupt\n'}
[0.555814] (pers_msgs) StderrLine: {'line': b'gmake[1]: *** [CMakeFiles/Makefile2:447: CMakeFiles/ament_cmake_python_build_pers_msgs_egg.dir/all] Interrupt\n'}
[0.556093] (pers_msgs) StderrLine: {'line': b'gmake: *** [Makefile:146: all] Interrupt\n'}
[0.560050] (pers_msgs) CommandEnded: {'returncode': -2}
[0.602103] (-) TimerEvent: {}
[0.702739] (-) TimerEvent: {}
[0.718790] (pers_msgs) JobEnded: {'identifier': 'pers_msgs', 'rc': 'SIGINT'}
[0.730511] (fer_pkg) JobSkipped: {'identifier': 'fer_pkg'}
[0.730765] (-) EventReactorShutdown: {}
